[2026-04-15T19:28:20.019Z] [INFO] Scheduled task: Full anatomy rescan (0 */6 * * *)
[2026-04-15T19:28:20.020Z] [INFO] Scheduled task: Consolidate old memory (0 2 * * *)
[2026-04-15T19:28:20.020Z] [INFO] Scheduled task: Token audit report (0 0 * * 1)
[2026-04-15T19:28:20.021Z] [INFO] Scheduled task: Cerebrum reflection (0 3 * * 0)
[2026-04-15T19:28:20.021Z] [INFO] Scheduled task: AI suggestions (0 4 * * 1)
[2026-04-15T19:28:20.021Z] [INFO] File watcher started on .wolf/
[2026-04-15T19:28:20.021Z] [INFO] OpenWolf daemon started
[2026-04-15T19:28:20.021Z] [INFO] Dashboard server listening on port 18791
[2026-04-15T19:28:20.131Z] [INFO] Scheduled task: Full anatomy rescan (0 */6 * * *)
[2026-04-15T19:28:20.132Z] [INFO] Scheduled task: Consolidate old memory (0 2 * * *)
[2026-04-15T19:28:20.132Z] [INFO] Scheduled task: Token audit report (0 0 * * 1)
[2026-04-15T19:28:20.132Z] [INFO] Scheduled task: Cerebrum reflection (0 3 * * 0)
[2026-04-15T19:28:20.133Z] [INFO] Scheduled task: AI suggestions (0 4 * * 1)
[2026-04-15T19:28:20.133Z] [INFO] File watcher started on .wolf/
[2026-04-15T19:28:20.133Z] [INFO] OpenWolf daemon started
[2026-04-15T19:28:20.134Z] [INFO] Dashboard server listening on port 18791
[2026-04-15T19:28:20.243Z] [INFO] Scheduled task: Full anatomy rescan (0 */6 * * *)
[2026-04-15T19:28:20.244Z] [INFO] Scheduled task: Consolidate old memory (0 2 * * *)
[2026-04-15T19:28:20.244Z] [INFO] Scheduled task: Token audit report (0 0 * * 1)
[2026-04-15T19:28:20.244Z] [INFO] Scheduled task: Cerebrum reflection (0 3 * * 0)
[2026-04-15T19:28:20.244Z] [INFO] Scheduled task: AI suggestions (0 4 * * 1)
[2026-04-15T19:28:20.244Z] [INFO] File watcher started on .wolf/
[2026-04-15T19:28:20.245Z] [INFO] OpenWolf daemon started
[2026-04-15T19:28:20.245Z] [INFO] Dashboard server listening on port 18791
[2026-04-15T19:28:20.369Z] [INFO] Scheduled task: Full anatomy rescan (0 */6 * * *)
[2026-04-15T19:28:20.370Z] [INFO] Scheduled task: Consolidate old memory (0 2 * * *)
[2026-04-15T19:28:20.371Z] [INFO] Scheduled task: Token audit report (0 0 * * 1)
[2026-04-15T19:28:20.371Z] [INFO] Scheduled task: Cerebrum reflection (0 3 * * 0)
[2026-04-15T19:28:20.371Z] [INFO] Scheduled task: AI suggestions (0 4 * * 1)
[2026-04-15T19:28:20.372Z] [INFO] File watcher started on .wolf/
[2026-04-15T19:28:20.373Z] [INFO] OpenWolf daemon started
[2026-04-15T19:28:20.373Z] [INFO] Dashboard server listening on port 18791
[2026-04-15T19:28:20.473Z] [INFO] Scheduled task: Full anatomy rescan (0 */6 * * *)
[2026-04-15T19:28:20.474Z] [INFO] Scheduled task: Consolidate old memory (0 2 * * *)
[2026-04-15T19:28:20.475Z] [INFO] Scheduled task: Token audit report (0 0 * * 1)
[2026-04-15T19:28:20.475Z] [INFO] Scheduled task: Cerebrum reflection (0 3 * * 0)
[2026-04-15T19:28:20.475Z] [INFO] Scheduled task: AI suggestions (0 4 * * 1)
[2026-04-15T19:28:20.476Z] [INFO] File watcher started on .wolf/
[2026-04-15T19:28:20.476Z] [INFO] OpenWolf daemon started
[2026-04-15T19:28:20.476Z] [INFO] Dashboard server listening on port 18791
[2026-04-15T19:28:20.591Z] [INFO] Scheduled task: Full anatomy rescan (0 */6 * * *)
[2026-04-15T19:28:20.592Z] [INFO] Scheduled task: Consolidate old memory (0 2 * * *)
[2026-04-15T19:28:20.592Z] [INFO] Scheduled task: Token audit report (0 0 * * 1)
[2026-04-15T19:28:20.592Z] [INFO] Scheduled task: Cerebrum reflection (0 3 * * 0)
[2026-04-15T19:28:20.592Z] [INFO] Scheduled task: AI suggestions (0 4 * * 1)
[2026-04-15T19:28:20.593Z] [INFO] File watcher started on .wolf/
[2026-04-15T19:28:20.593Z] [INFO] OpenWolf daemon started
[2026-04-15T19:28:20.593Z] [INFO] Dashboard server listening on port 18791
[2026-04-15T19:28:20.694Z] [INFO] Scheduled task: Full anatomy rescan (0 */6 * * *)
[2026-04-15T19:28:20.695Z] [INFO] Scheduled task: Consolidate old memory (0 2 * * *)
[2026-04-15T19:28:20.695Z] [INFO] Scheduled task: Token audit report (0 0 * * 1)
[2026-04-15T19:28:20.695Z] [INFO] Scheduled task: Cerebrum reflection (0 3 * * 0)
[2026-04-15T19:28:20.695Z] [INFO] Scheduled task: AI suggestions (0 4 * * 1)
[2026-04-15T19:28:20.696Z] [INFO] File watcher started on .wolf/
[2026-04-15T19:28:20.696Z] [INFO] OpenWolf daemon started
[2026-04-15T19:28:20.696Z] [INFO] Dashboard server listening on port 18791
[2026-04-15T19:28:20.801Z] [INFO] Scheduled task: Full anatomy rescan (0 */6 * * *)
[2026-04-15T19:28:20.802Z] [INFO] Scheduled task: Consolidate old memory (0 2 * * *)
[2026-04-15T19:28:20.802Z] [INFO] Scheduled task: Token audit report (0 0 * * 1)
[2026-04-15T19:28:20.802Z] [INFO] Scheduled task: Cerebrum reflection (0 3 * * 0)
[2026-04-15T19:28:20.803Z] [INFO] Scheduled task: AI suggestions (0 4 * * 1)
[2026-04-15T19:28:20.803Z] [INFO] File watcher started on .wolf/
[2026-04-15T19:28:20.803Z] [INFO] OpenWolf daemon started
[2026-04-15T19:28:20.804Z] [INFO] Dashboard server listening on port 18791
[2026-04-15T19:28:20.918Z] [INFO] Scheduled task: Full anatomy rescan (0 */6 * * *)
[2026-04-15T19:28:20.919Z] [INFO] Scheduled task: Consolidate old memory (0 2 * * *)
[2026-04-15T19:28:20.919Z] [INFO] Scheduled task: Token audit report (0 0 * * 1)
[2026-04-15T19:28:20.920Z] [INFO] Scheduled task: Cerebrum reflection (0 3 * * 0)
[2026-04-15T19:28:20.920Z] [INFO] Scheduled task: AI suggestions (0 4 * * 1)
[2026-04-15T19:28:20.920Z] [INFO] File watcher started on .wolf/
[2026-04-15T19:28:20.921Z] [INFO] OpenWolf daemon started
[2026-04-15T19:28:20.921Z] [INFO] Dashboard server listening on port 18791
[2026-04-15T19:28:21.030Z] [INFO] Scheduled task: Full anatomy rescan (0 */6 * * *)
[2026-04-15T19:28:21.031Z] [INFO] Scheduled task: Consolidate old memory (0 2 * * *)
[2026-04-15T19:28:21.031Z] [INFO] Scheduled task: Token audit report (0 0 * * 1)
[2026-04-15T19:28:21.031Z] [INFO] Scheduled task: Cerebrum reflection (0 3 * * 0)
[2026-04-15T19:28:21.031Z] [INFO] Scheduled task: AI suggestions (0 4 * * 1)
[2026-04-15T19:28:21.032Z] [INFO] File watcher started on .wolf/
[2026-04-15T19:28:21.032Z] [INFO] OpenWolf daemon started
[2026-04-15T19:28:21.032Z] [INFO] Dashboard server listening on port 18791
[2026-04-15T19:28:21.139Z] [INFO] Scheduled task: Full anatomy rescan (0 */6 * * *)
[2026-04-15T19:28:21.140Z] [INFO] Scheduled task: Consolidate old memory (0 2 * * *)
[2026-04-15T19:28:21.140Z] [INFO] Scheduled task: Token audit report (0 0 * * 1)
[2026-04-15T19:28:21.140Z] [INFO] Scheduled task: Cerebrum reflection (0 3 * * 0)
[2026-04-15T19:28:21.140Z] [INFO] Scheduled task: AI suggestions (0 4 * * 1)
[2026-04-15T19:28:21.141Z] [INFO] File watcher started on .wolf/
[2026-04-15T19:28:21.141Z] [INFO] OpenWolf daemon started
[2026-04-15T19:28:21.141Z] [INFO] Dashboard server listening on port 18791
[2026-04-15T19:28:21.248Z] [INFO] Scheduled task: Full anatomy rescan (0 */6 * * *)
[2026-04-15T19:28:21.249Z] [INFO] Scheduled task: Consolidate old memory (0 2 * * *)
[2026-04-15T19:28:21.249Z] [INFO] Scheduled task: Token audit report (0 0 * * 1)
[2026-04-15T19:28:21.250Z] [INFO] Scheduled task: Cerebrum reflection (0 3 * * 0)
[2026-04-15T19:28:21.250Z] [INFO] Scheduled task: AI suggestions (0 4 * * 1)
[2026-04-15T19:28:21.250Z] [INFO] File watcher started on .wolf/
[2026-04-15T19:28:21.250Z] [INFO] OpenWolf daemon started
[2026-04-15T19:28:21.251Z] [INFO] Dashboard server listening on port 18791
[2026-04-15T19:28:21.355Z] [INFO] Scheduled task: Full anatomy rescan (0 */6 * * *)
[2026-04-15T19:28:21.356Z] [INFO] Scheduled task: Consolidate old memory (0 2 * * *)
[2026-04-15T19:28:21.356Z] [INFO] Scheduled task: Token audit report (0 0 * * 1)
[2026-04-15T19:28:21.356Z] [INFO] Scheduled task: Cerebrum reflection (0 3 * * 0)
[2026-04-15T19:28:21.356Z] [INFO] Scheduled task: AI suggestions (0 4 * * 1)
[2026-04-15T19:28:21.357Z] [INFO] File watcher started on .wolf/
[2026-04-15T19:28:21.357Z] [INFO] OpenWolf daemon started
[2026-04-15T19:28:21.357Z] [INFO] Dashboard server listening on port 18791
[2026-04-15T19:28:21.464Z] [INFO] Scheduled task: Full anatomy rescan (0 */6 * * *)
[2026-04-15T19:28:21.465Z] [INFO] Scheduled task: Consolidate old memory (0 2 * * *)
[2026-04-15T19:28:21.465Z] [INFO] Scheduled task: Token audit report (0 0 * * 1)
[2026-04-15T19:28:21.465Z] [INFO] Scheduled task: Cerebrum reflection (0 3 * * 0)
[2026-04-15T19:28:21.466Z] [INFO] Scheduled task: AI suggestions (0 4 * * 1)
[2026-04-15T19:28:21.466Z] [INFO] File watcher started on .wolf/
[2026-04-15T19:28:21.467Z] [INFO] OpenWolf daemon started
[2026-04-15T19:28:21.467Z] [INFO] Dashboard server listening on port 18791
[2026-04-15T19:28:21.578Z] [INFO] Scheduled task: Full anatomy rescan (0 */6 * * *)
[2026-04-15T19:28:21.579Z] [INFO] Scheduled task: Consolidate old memory (0 2 * * *)
[2026-04-15T19:28:21.579Z] [INFO] Scheduled task: Token audit report (0 0 * * 1)
[2026-04-15T19:28:21.579Z] [INFO] Scheduled task: Cerebrum reflection (0 3 * * 0)
[2026-04-15T19:28:21.579Z] [INFO] Scheduled task: AI suggestions (0 4 * * 1)
[2026-04-15T19:28:21.580Z] [INFO] File watcher started on .wolf/
[2026-04-15T19:28:21.580Z] [INFO] OpenWolf daemon started
[2026-04-15T19:28:21.580Z] [INFO] Dashboard server listening on port 18791
[2026-04-15T19:28:21.686Z] [INFO] Scheduled task: Full anatomy rescan (0 */6 * * *)
[2026-04-15T19:28:21.687Z] [INFO] Scheduled task: Consolidate old memory (0 2 * * *)
[2026-04-15T19:28:21.687Z] [INFO] Scheduled task: Token audit report (0 0 * * 1)
[2026-04-15T19:28:21.687Z] [INFO] Scheduled task: Cerebrum reflection (0 3 * * 0)
[2026-04-15T19:28:21.687Z] [INFO] Scheduled task: AI suggestions (0 4 * * 1)
[2026-04-15T19:28:21.688Z] [INFO] File watcher started on .wolf/
[2026-04-15T19:28:21.688Z] [INFO] OpenWolf daemon started
[2026-04-15T19:28:21.688Z] [INFO] Dashboard server listening on port 18791
[2026-04-15T21:18:10.476Z] [INFO] Scheduled task: Full anatomy rescan (0 */6 * * *)
[2026-04-15T21:18:10.478Z] [INFO] Scheduled task: Consolidate old memory (0 2 * * *)
[2026-04-15T21:18:10.478Z] [INFO] Scheduled task: Token audit report (0 0 * * 1)
[2026-04-15T21:18:10.479Z] [INFO] Scheduled task: Cerebrum reflection (0 3 * * 0)
[2026-04-15T21:18:10.479Z] [INFO] Scheduled task: AI suggestions (0 4 * * 1)
[2026-04-15T21:18:10.479Z] [INFO] File watcher started on .wolf/
[2026-04-15T21:18:10.480Z] [INFO] OpenWolf daemon started
[2026-04-15T21:18:10.481Z] [INFO] Dashboard server listening on port 18791
[2026-04-15T21:18:10.606Z] [INFO] Scheduled task: Full anatomy rescan (0 */6 * * *)
[2026-04-15T21:18:10.607Z] [INFO] Scheduled task: Consolidate old memory (0 2 * * *)
[2026-04-15T21:18:10.607Z] [INFO] Scheduled task: Token audit report (0 0 * * 1)
[2026-04-15T21:18:10.607Z] [INFO] Scheduled task: Cerebrum reflection (0 3 * * 0)
[2026-04-15T21:18:10.607Z] [INFO] Scheduled task: AI suggestions (0 4 * * 1)
[2026-04-15T21:18:10.608Z] [INFO] File watcher started on .wolf/
[2026-04-15T21:18:10.608Z] [INFO] OpenWolf daemon started
[2026-04-15T21:18:10.608Z] [INFO] Dashboard server listening on port 18791
[2026-04-15T21:18:10.722Z] [INFO] Scheduled task: Full anatomy rescan (0 */6 * * *)
[2026-04-15T21:18:10.723Z] [INFO] Scheduled task: Consolidate old memory (0 2 * * *)
[2026-04-15T21:18:10.723Z] [INFO] Scheduled task: Token audit report (0 0 * * 1)
[2026-04-15T21:18:10.724Z] [INFO] Scheduled task: Cerebrum reflection (0 3 * * 0)
[2026-04-15T21:18:10.724Z] [INFO] Scheduled task: AI suggestions (0 4 * * 1)
[2026-04-15T21:18:10.724Z] [INFO] File watcher started on .wolf/
[2026-04-15T21:18:10.725Z] [INFO] OpenWolf daemon started
[2026-04-15T21:18:10.725Z] [INFO] Dashboard server listening on port 18791
[2026-04-15T21:18:10.831Z] [INFO] Scheduled task: Full anatomy rescan (0 */6 * * *)
[2026-04-15T21:18:10.832Z] [INFO] Scheduled task: Consolidate old memory (0 2 * * *)
[2026-04-15T21:18:10.832Z] [INFO] Scheduled task: Token audit report (0 0 * * 1)
[2026-04-15T21:18:10.832Z] [INFO] Scheduled task: Cerebrum reflection (0 3 * * 0)
[2026-04-15T21:18:10.832Z] [INFO] Scheduled task: AI suggestions (0 4 * * 1)
[2026-04-15T21:18:10.833Z] [INFO] File watcher started on .wolf/
[2026-04-15T21:18:10.833Z] [INFO] OpenWolf daemon started
[2026-04-15T21:18:10.833Z] [INFO] Dashboard server listening on port 18791
[2026-04-15T21:18:10.941Z] [INFO] Scheduled task: Full anatomy rescan (0 */6 * * *)
[2026-04-15T21:18:10.942Z] [INFO] Scheduled task: Consolidate old memory (0 2 * * *)
[2026-04-15T21:18:10.943Z] [INFO] Scheduled task: Token audit report (0 0 * * 1)
[2026-04-15T21:18:10.943Z] [INFO] Scheduled task: Cerebrum reflection (0 3 * * 0)
[2026-04-15T21:18:10.943Z] [INFO] Scheduled task: AI suggestions (0 4 * * 1)
[2026-04-15T21:18:10.943Z] [INFO] File watcher started on .wolf/
[2026-04-15T21:18:10.944Z] [INFO] OpenWolf daemon started
[2026-04-15T21:18:10.944Z] [INFO] Dashboard server listening on port 18791
[2026-04-15T21:18:11.054Z] [INFO] Scheduled task: Full anatomy rescan (0 */6 * * *)
[2026-04-15T21:18:11.055Z] [INFO] Scheduled task: Consolidate old memory (0 2 * * *)
[2026-04-15T21:18:11.055Z] [INFO] Scheduled task: Token audit report (0 0 * * 1)
[2026-04-15T21:18:11.055Z] [INFO] Scheduled task: Cerebrum reflection (0 3 * * 0)
[2026-04-15T21:18:11.055Z] [INFO] Scheduled task: AI suggestions (0 4 * * 1)
[2026-04-15T21:18:11.056Z] [INFO] File watcher started on .wolf/
[2026-04-15T21:18:11.056Z] [INFO] OpenWolf daemon started
[2026-04-15T21:18:11.057Z] [INFO] Dashboard server listening on port 18791
[2026-04-15T21:18:11.159Z] [INFO] Scheduled task: Full anatomy rescan (0 */6 * * *)
[2026-04-15T21:18:11.160Z] [INFO] Scheduled task: Consolidate old memory (0 2 * * *)
[2026-04-15T21:18:11.160Z] [INFO] Scheduled task: Token audit report (0 0 * * 1)
[2026-04-15T21:18:11.160Z] [INFO] Scheduled task: Cerebrum reflection (0 3 * * 0)
[2026-04-15T21:18:11.160Z] [INFO] Scheduled task: AI suggestions (0 4 * * 1)
[2026-04-15T21:18:11.161Z] [INFO] File watcher started on .wolf/
[2026-04-15T21:18:11.161Z] [INFO] OpenWolf daemon started
[2026-04-15T21:18:11.162Z] [INFO] Dashboard server listening on port 18791
[2026-04-15T21:18:11.278Z] [INFO] Scheduled task: Full anatomy rescan (0 */6 * * *)
[2026-04-15T21:18:11.279Z] [INFO] Scheduled task: Consolidate old memory (0 2 * * *)
[2026-04-15T21:18:11.279Z] [INFO] Scheduled task: Token audit report (0 0 * * 1)
[2026-04-15T21:18:11.279Z] [INFO] Scheduled task: Cerebrum reflection (0 3 * * 0)
[2026-04-15T21:18:11.279Z] [INFO] Scheduled task: AI suggestions (0 4 * * 1)
[2026-04-15T21:18:11.280Z] [INFO] File watcher started on .wolf/
[2026-04-15T21:18:11.280Z] [INFO] OpenWolf daemon started
[2026-04-15T21:18:11.280Z] [INFO] Dashboard server listening on port 18791
[2026-04-15T21:18:11.384Z] [INFO] Scheduled task: Full anatomy rescan (0 */6 * * *)
[2026-04-15T21:18:11.385Z] [INFO] Scheduled task: Consolidate old memory (0 2 * * *)
[2026-04-15T21:18:11.386Z] [INFO] Scheduled task: Token audit report (0 0 * * 1)
[2026-04-15T21:18:11.386Z] [INFO] Scheduled task: Cerebrum reflection (0 3 * * 0)
[2026-04-15T21:18:11.386Z] [INFO] Scheduled task: AI suggestions (0 4 * * 1)
[2026-04-15T21:18:11.386Z] [INFO] File watcher started on .wolf/
[2026-04-15T21:18:11.387Z] [INFO] OpenWolf daemon started
[2026-04-15T21:18:11.387Z] [INFO] Dashboard server listening on port 18791
[2026-04-15T21:18:11.487Z] [INFO] Scheduled task: Full anatomy rescan (0 */6 * * *)
[2026-04-15T21:18:11.488Z] [INFO] Scheduled task: Consolidate old memory (0 2 * * *)
[2026-04-15T21:18:11.488Z] [INFO] Scheduled task: Token audit report (0 0 * * 1)
[2026-04-15T21:18:11.489Z] [INFO] Scheduled task: Cerebrum reflection (0 3 * * 0)
[2026-04-15T21:18:11.489Z] [INFO] Scheduled task: AI suggestions (0 4 * * 1)
[2026-04-15T21:18:11.489Z] [INFO] File watcher started on .wolf/
[2026-04-15T21:18:11.490Z] [INFO] OpenWolf daemon started
[2026-04-15T21:18:11.490Z] [INFO] Dashboard server listening on port 18791
[2026-04-15T21:18:11.595Z] [INFO] Scheduled task: Full anatomy rescan (0 */6 * * *)
[2026-04-15T21:18:11.596Z] [INFO] Scheduled task: Consolidate old memory (0 2 * * *)
[2026-04-15T21:18:11.596Z] [INFO] Scheduled task: Token audit report (0 0 * * 1)
[2026-04-15T21:18:11.597Z] [INFO] Scheduled task: Cerebrum reflection (0 3 * * 0)
[2026-04-15T21:18:11.597Z] [INFO] Scheduled task: AI suggestions (0 4 * * 1)
[2026-04-15T21:18:11.597Z] [INFO] File watcher started on .wolf/
[2026-04-15T21:18:11.598Z] [INFO] OpenWolf daemon started
[2026-04-15T21:18:11.598Z] [INFO] Dashboard server listening on port 18791
[2026-04-15T21:18:11.714Z] [INFO] Scheduled task: Full anatomy rescan (0 */6 * * *)
[2026-04-15T21:18:11.715Z] [INFO] Scheduled task: Consolidate old memory (0 2 * * *)
[2026-04-15T21:18:11.716Z] [INFO] Scheduled task: Token audit report (0 0 * * 1)
[2026-04-15T21:18:11.716Z] [INFO] Scheduled task: Cerebrum reflection (0 3 * * 0)
[2026-04-15T21:18:11.716Z] [INFO] Scheduled task: AI suggestions (0 4 * * 1)
[2026-04-15T21:18:11.717Z] [INFO] File watcher started on .wolf/
[2026-04-15T21:18:11.717Z] [INFO] OpenWolf daemon started
[2026-04-15T21:18:11.718Z] [INFO] Dashboard server listening on port 18791
[2026-04-15T21:18:11.855Z] [INFO] Scheduled task: Full anatomy rescan (0 */6 * * *)
[2026-04-15T21:18:11.856Z] [INFO] Scheduled task: Consolidate old memory (0 2 * * *)
[2026-04-15T21:18:11.857Z] [INFO] Scheduled task: Token audit report (0 0 * * 1)
[2026-04-15T21:18:11.857Z] [INFO] Scheduled task: Cerebrum reflection (0 3 * * 0)
[2026-04-15T21:18:11.857Z] [INFO] Scheduled task: AI suggestions (0 4 * * 1)
[2026-04-15T21:18:11.857Z] [INFO] File watcher started on .wolf/
[2026-04-15T21:18:11.858Z] [INFO] OpenWolf daemon started
[2026-04-15T21:18:11.858Z] [INFO] Dashboard server listening on port 18791
[2026-04-15T21:18:11.968Z] [INFO] Scheduled task: Full anatomy rescan (0 */6 * * *)
[2026-04-15T21:18:11.969Z] [INFO] Scheduled task: Consolidate old memory (0 2 * * *)
[2026-04-15T21:18:11.970Z] [INFO] Scheduled task: Token audit report (0 0 * * 1)
[2026-04-15T21:18:11.970Z] [INFO] Scheduled task: Cerebrum reflection (0 3 * * 0)
[2026-04-15T21:18:11.970Z] [INFO] Scheduled task: AI suggestions (0 4 * * 1)
[2026-04-15T21:18:11.971Z] [INFO] File watcher started on .wolf/
[2026-04-15T21:18:11.971Z] [INFO] OpenWolf daemon started
[2026-04-15T21:18:11.971Z] [INFO] Dashboard server listening on port 18791
[2026-04-15T21:18:12.076Z] [INFO] Scheduled task: Full anatomy rescan (0 */6 * * *)
[2026-04-15T21:18:12.077Z] [INFO] Scheduled task: Consolidate old memory (0 2 * * *)
[2026-04-15T21:18:12.077Z] [INFO] Scheduled task: Token audit report (0 0 * * 1)
[2026-04-15T21:18:12.078Z] [INFO] Scheduled task: Cerebrum reflection (0 3 * * 0)
[2026-04-15T21:18:12.078Z] [INFO] Scheduled task: AI suggestions (0 4 * * 1)
[2026-04-15T21:18:12.078Z] [INFO] File watcher started on .wolf/
[2026-04-15T21:18:12.079Z] [INFO] OpenWolf daemon started
[2026-04-15T21:18:12.079Z] [INFO] Dashboard server listening on port 18791
[2026-04-15T21:18:12.188Z] [INFO] Scheduled task: Full anatomy rescan (0 */6 * * *)
[2026-04-15T21:18:12.189Z] [INFO] Scheduled task: Consolidate old memory (0 2 * * *)
[2026-04-15T21:18:12.190Z] [INFO] Scheduled task: Token audit report (0 0 * * 1)
[2026-04-15T21:18:12.190Z] [INFO] Scheduled task: Cerebrum reflection (0 3 * * 0)
[2026-04-15T21:18:12.190Z] [INFO] Scheduled task: AI suggestions (0 4 * * 1)
[2026-04-15T21:18:12.191Z] [INFO] File watcher started on .wolf/
[2026-04-15T21:18:12.191Z] [INFO] OpenWolf daemon started
[2026-04-15T21:18:12.191Z] [INFO] Dashboard server listening on port 18791
[2026-04-16T11:27:19.731Z] [INFO] Scheduled task: Full anatomy rescan (0 */6 * * *)
[2026-04-16T11:27:19.732Z] [INFO] Scheduled task: Consolidate old memory (0 2 * * *)
[2026-04-16T11:27:19.732Z] [INFO] Scheduled task: Token audit report (0 0 * * 1)
[2026-04-16T11:27:19.733Z] [INFO] Scheduled task: Cerebrum reflection (0 3 * * 0)
[2026-04-16T11:27:19.733Z] [INFO] Scheduled task: AI suggestions (0 4 * * 1)
[2026-04-16T11:27:19.733Z] [INFO] File watcher started on .wolf/
[2026-04-16T11:27:19.734Z] [INFO] OpenWolf daemon started
[2026-04-16T11:27:19.734Z] [INFO] Dashboard server listening on port 18791
[2026-04-16T11:27:19.854Z] [INFO] Scheduled task: Full anatomy rescan (0 */6 * * *)
[2026-04-16T11:27:19.855Z] [INFO] Scheduled task: Consolidate old memory (0 2 * * *)
[2026-04-16T11:27:19.855Z] [INFO] Scheduled task: Token audit report (0 0 * * 1)
[2026-04-16T11:27:19.855Z] [INFO] Scheduled task: Cerebrum reflection (0 3 * * 0)
[2026-04-16T11:27:19.855Z] [INFO] Scheduled task: AI suggestions (0 4 * * 1)
[2026-04-16T11:27:19.856Z] [INFO] File watcher started on .wolf/
[2026-04-16T11:27:19.856Z] [INFO] OpenWolf daemon started
[2026-04-16T11:27:19.856Z] [INFO] Dashboard server listening on port 18791
[2026-04-16T11:27:19.956Z] [INFO] Scheduled task: Full anatomy rescan (0 */6 * * *)
[2026-04-16T11:27:19.957Z] [INFO] Scheduled task: Consolidate old memory (0 2 * * *)
[2026-04-16T11:27:19.957Z] [INFO] Scheduled task: Token audit report (0 0 * * 1)
[2026-04-16T11:27:19.957Z] [INFO] Scheduled task: Cerebrum reflection (0 3 * * 0)
[2026-04-16T11:27:19.958Z] [INFO] Scheduled task: AI suggestions (0 4 * * 1)
[2026-04-16T11:27:19.958Z] [INFO] File watcher started on .wolf/
[2026-04-16T11:27:19.958Z] [INFO] OpenWolf daemon started
[2026-04-16T11:27:19.958Z] [INFO] Dashboard server listening on port 18791
[2026-04-16T11:27:20.055Z] [INFO] Scheduled task: Full anatomy rescan (0 */6 * * *)
[2026-04-16T11:27:20.056Z] [INFO] Scheduled task: Consolidate old memory (0 2 * * *)
[2026-04-16T11:27:20.057Z] [INFO] Scheduled task: Token audit report (0 0 * * 1)
[2026-04-16T11:27:20.057Z] [INFO] Scheduled task: Cerebrum reflection (0 3 * * 0)
[2026-04-16T11:27:20.057Z] [INFO] Scheduled task: AI suggestions (0 4 * * 1)
[2026-04-16T11:27:20.057Z] [INFO] File watcher started on .wolf/
[2026-04-16T11:27:20.058Z] [INFO] OpenWolf daemon started
[2026-04-16T11:27:20.058Z] [INFO] Dashboard server listening on port 18791
[2026-04-16T11:27:20.150Z] [INFO] Scheduled task: Full anatomy rescan (0 */6 * * *)
[2026-04-16T11:27:20.151Z] [INFO] Scheduled task: Consolidate old memory (0 2 * * *)
[2026-04-16T11:27:20.151Z] [INFO] Scheduled task: Token audit report (0 0 * * 1)
[2026-04-16T11:27:20.152Z] [INFO] Scheduled task: Cerebrum reflection (0 3 * * 0)
[2026-04-16T11:27:20.152Z] [INFO] Scheduled task: AI suggestions (0 4 * * 1)
[2026-04-16T11:27:20.152Z] [INFO] File watcher started on .wolf/
[2026-04-16T11:27:20.153Z] [INFO] OpenWolf daemon started
[2026-04-16T11:27:20.153Z] [INFO] Dashboard server listening on port 18791
[2026-04-16T11:27:20.245Z] [INFO] Scheduled task: Full anatomy rescan (0 */6 * * *)
[2026-04-16T11:27:20.246Z] [INFO] Scheduled task: Consolidate old memory (0 2 * * *)
[2026-04-16T11:27:20.246Z] [INFO] Scheduled task: Token audit report (0 0 * * 1)
[2026-04-16T11:27:20.246Z] [INFO] Scheduled task: Cerebrum reflection (0 3 * * 0)
[2026-04-16T11:27:20.247Z] [INFO] Scheduled task: AI suggestions (0 4 * * 1)
[2026-04-16T11:27:20.247Z] [INFO] File watcher started on .wolf/
[2026-04-16T11:27:20.247Z] [INFO] OpenWolf daemon started
[2026-04-16T11:27:20.247Z] [INFO] Dashboard server listening on port 18791
[2026-04-16T11:27:20.345Z] [INFO] Scheduled task: Full anatomy rescan (0 */6 * * *)
[2026-04-16T11:27:20.346Z] [INFO] Scheduled task: Consolidate old memory (0 2 * * *)
[2026-04-16T11:27:20.346Z] [INFO] Scheduled task: Token audit report (0 0 * * 1)
[2026-04-16T11:27:20.346Z] [INFO] Scheduled task: Cerebrum reflection (0 3 * * 0)
[2026-04-16T11:27:20.346Z] [INFO] Scheduled task: AI suggestions (0 4 * * 1)
[2026-04-16T11:27:20.346Z] [INFO] File watcher started on .wolf/
[2026-04-16T11:27:20.347Z] [INFO] OpenWolf daemon started
[2026-04-16T11:27:20.347Z] [INFO] Dashboard server listening on port 18791
[2026-04-16T11:27:20.446Z] [INFO] Scheduled task: Full anatomy rescan (0 */6 * * *)
[2026-04-16T11:27:20.447Z] [INFO] Scheduled task: Consolidate old memory (0 2 * * *)
[2026-04-16T11:27:20.447Z] [INFO] Scheduled task: Token audit report (0 0 * * 1)
[2026-04-16T11:27:20.447Z] [INFO] Scheduled task: Cerebrum reflection (0 3 * * 0)
[2026-04-16T11:27:20.448Z] [INFO] Scheduled task: AI suggestions (0 4 * * 1)
[2026-04-16T11:27:20.448Z] [INFO] File watcher started on .wolf/
[2026-04-16T11:27:20.448Z] [INFO] OpenWolf daemon started
[2026-04-16T11:27:20.449Z] [INFO] Dashboard server listening on port 18791
[2026-04-16T11:27:20.547Z] [INFO] Scheduled task: Full anatomy rescan (0 */6 * * *)
[2026-04-16T11:27:20.548Z] [INFO] Scheduled task: Consolidate old memory (0 2 * * *)
[2026-04-16T11:27:20.548Z] [INFO] Scheduled task: Token audit report (0 0 * * 1)
[2026-04-16T11:27:20.548Z] [INFO] Scheduled task: Cerebrum reflection (0 3 * * 0)
[2026-04-16T11:27:20.548Z] [INFO] Scheduled task: AI suggestions (0 4 * * 1)
[2026-04-16T11:27:20.549Z] [INFO] File watcher started on .wolf/
[2026-04-16T11:27:20.549Z] [INFO] OpenWolf daemon started
[2026-04-16T11:27:20.549Z] [INFO] Dashboard server listening on port 18791
[2026-04-16T11:27:20.646Z] [INFO] Scheduled task: Full anatomy rescan (0 */6 * * *)
[2026-04-16T11:27:20.647Z] [INFO] Scheduled task: Consolidate old memory (0 2 * * *)
[2026-04-16T11:27:20.647Z] [INFO] Scheduled task: Token audit report (0 0 * * 1)
[2026-04-16T11:27:20.647Z] [INFO] Scheduled task: Cerebrum reflection (0 3 * * 0)
[2026-04-16T11:27:20.647Z] [INFO] Scheduled task: AI suggestions (0 4 * * 1)
[2026-04-16T11:27:20.648Z] [INFO] File watcher started on .wolf/
[2026-04-16T11:27:20.648Z] [INFO] OpenWolf daemon started
[2026-04-16T11:27:20.648Z] [INFO] Dashboard server listening on port 18791
[2026-04-16T11:27:20.742Z] [INFO] Scheduled task: Full anatomy rescan (0 */6 * * *)
[2026-04-16T11:27:20.743Z] [INFO] Scheduled task: Consolidate old memory (0 2 * * *)
[2026-04-16T11:27:20.743Z] [INFO] Scheduled task: Token audit report (0 0 * * 1)
[2026-04-16T11:27:20.743Z] [INFO] Scheduled task: Cerebrum reflection (0 3 * * 0)
[2026-04-16T11:27:20.743Z] [INFO] Scheduled task: AI suggestions (0 4 * * 1)
[2026-04-16T11:27:20.744Z] [INFO] File watcher started on .wolf/
[2026-04-16T11:27:20.744Z] [INFO] OpenWolf daemon started
[2026-04-16T11:27:20.744Z] [INFO] Dashboard server listening on port 18791
[2026-04-16T11:27:20.837Z] [INFO] Scheduled task: Full anatomy rescan (0 */6 * * *)
[2026-04-16T11:27:20.838Z] [INFO] Scheduled task: Consolidate old memory (0 2 * * *)
[2026-04-16T11:27:20.838Z] [INFO] Scheduled task: Token audit report (0 0 * * 1)
[2026-04-16T11:27:20.838Z] [INFO] Scheduled task: Cerebrum reflection (0 3 * * 0)
[2026-04-16T11:27:20.838Z] [INFO] Scheduled task: AI suggestions (0 4 * * 1)
[2026-04-16T11:27:20.839Z] [INFO] File watcher started on .wolf/
[2026-04-16T11:27:20.839Z] [INFO] OpenWolf daemon started
[2026-04-16T11:27:20.839Z] [INFO] Dashboard server listening on port 18791
[2026-04-16T11:27:20.936Z] [INFO] Scheduled task: Full anatomy rescan (0 */6 * * *)
[2026-04-16T11:27:20.937Z] [INFO] Scheduled task: Consolidate old memory (0 2 * * *)
[2026-04-16T11:27:20.938Z] [INFO] Scheduled task: Token audit report (0 0 * * 1)
[2026-04-16T11:27:20.938Z] [INFO] Scheduled task: Cerebrum reflection (0 3 * * 0)
[2026-04-16T11:27:20.938Z] [INFO] Scheduled task: AI suggestions (0 4 * * 1)
[2026-04-16T11:27:20.938Z] [INFO] File watcher started on .wolf/
[2026-04-16T11:27:20.939Z] [INFO] OpenWolf daemon started
[2026-04-16T11:27:20.939Z] [INFO] Dashboard server listening on port 18791
[2026-04-16T11:27:21.036Z] [INFO] Scheduled task: Full anatomy rescan (0 */6 * * *)
[2026-04-16T11:27:21.037Z] [INFO] Scheduled task: Consolidate old memory (0 2 * * *)
[2026-04-16T11:27:21.037Z] [INFO] Scheduled task: Token audit report (0 0 * * 1)
[2026-04-16T11:27:21.038Z] [INFO] Scheduled task: Cerebrum reflection (0 3 * * 0)
[2026-04-16T11:27:21.038Z] [INFO] Scheduled task: AI suggestions (0 4 * * 1)
[2026-04-16T11:27:21.038Z] [INFO] File watcher started on .wolf/
[2026-04-16T11:27:21.039Z] [INFO] OpenWolf daemon started
[2026-04-16T11:27:21.039Z] [INFO] Dashboard server listening on port 18791
[2026-04-16T11:27:21.138Z] [INFO] Scheduled task: Full anatomy rescan (0 */6 * * *)
[2026-04-16T11:27:21.139Z] [INFO] Scheduled task: Consolidate old memory (0 2 * * *)
[2026-04-16T11:27:21.139Z] [INFO] Scheduled task: Token audit report (0 0 * * 1)
[2026-04-16T11:27:21.139Z] [INFO] Scheduled task: Cerebrum reflection (0 3 * * 0)
[2026-04-16T11:27:21.139Z] [INFO] Scheduled task: AI suggestions (0 4 * * 1)
[2026-04-16T11:27:21.140Z] [INFO] File watcher started on .wolf/
[2026-04-16T11:27:21.140Z] [INFO] OpenWolf daemon started
[2026-04-16T11:27:21.140Z] [INFO] Dashboard server listening on port 18791
[2026-04-16T11:27:21.249Z] [INFO] Scheduled task: Full anatomy rescan (0 */6 * * *)
[2026-04-16T11:27:21.250Z] [INFO] Scheduled task: Consolidate old memory (0 2 * * *)
[2026-04-16T11:27:21.250Z] [INFO] Scheduled task: Token audit report (0 0 * * 1)
[2026-04-16T11:27:21.250Z] [INFO] Scheduled task: Cerebrum reflection (0 3 * * 0)
[2026-04-16T11:27:21.250Z] [INFO] Scheduled task: AI suggestions (0 4 * * 1)
[2026-04-16T11:27:21.251Z] [INFO] File watcher started on .wolf/
[2026-04-16T11:27:21.251Z] [INFO] OpenWolf daemon started
[2026-04-16T11:27:21.251Z] [INFO] Dashboard server listening on port 18791
[2026-04-16T12:58:26.005Z] [INFO] Scheduled task: Full anatomy rescan (0 */6 * * *)
[2026-04-16T12:58:26.006Z] [INFO] Scheduled task: Consolidate old memory (0 2 * * *)
[2026-04-16T12:58:26.007Z] [INFO] Scheduled task: Token audit report (0 0 * * 1)
[2026-04-16T12:58:26.007Z] [INFO] Scheduled task: Cerebrum reflection (0 3 * * 0)
[2026-04-16T12:58:26.007Z] [INFO] Scheduled task: AI suggestions (0 4 * * 1)
[2026-04-16T12:58:26.008Z] [INFO] File watcher started on .wolf/
[2026-04-16T12:58:26.009Z] [INFO] OpenWolf daemon started
[2026-04-16T12:58:26.009Z] [INFO] Dashboard server listening on port 18791
[2026-04-16T12:58:26.125Z] [INFO] Scheduled task: Full anatomy rescan (0 */6 * * *)
[2026-04-16T12:58:26.126Z] [INFO] Scheduled task: Consolidate old memory (0 2 * * *)
[2026-04-16T12:58:26.126Z] [INFO] Scheduled task: Token audit report (0 0 * * 1)
[2026-04-16T12:58:26.126Z] [INFO] Scheduled task: Cerebrum reflection (0 3 * * 0)
[2026-04-16T12:58:26.126Z] [INFO] Scheduled task: AI suggestions (0 4 * * 1)
[2026-04-16T12:58:26.127Z] [INFO] File watcher started on .wolf/
[2026-04-16T12:58:26.128Z] [INFO] OpenWolf daemon started
[2026-04-16T12:58:26.128Z] [INFO] Dashboard server listening on port 18791
[2026-04-16T12:58:26.232Z] [INFO] Scheduled task: Full anatomy rescan (0 */6 * * *)
[2026-04-16T12:58:26.233Z] [INFO] Scheduled task: Consolidate old memory (0 2 * * *)
[2026-04-16T12:58:26.234Z] [INFO] Scheduled task: Token audit report (0 0 * * 1)
[2026-04-16T12:58:26.234Z] [INFO] Scheduled task: Cerebrum reflection (0 3 * * 0)
[2026-04-16T12:58:26.234Z] [INFO] Scheduled task: AI suggestions (0 4 * * 1)
[2026-04-16T12:58:26.234Z] [INFO] File watcher started on .wolf/
[2026-04-16T12:58:26.235Z] [INFO] OpenWolf daemon started
[2026-04-16T12:58:26.235Z] [INFO] Dashboard server listening on port 18791
[2026-04-16T12:58:26.336Z] [INFO] Scheduled task: Full anatomy rescan (0 */6 * * *)
[2026-04-16T12:58:26.337Z] [INFO] Scheduled task: Consolidate old memory (0 2 * * *)
[2026-04-16T12:58:26.337Z] [INFO] Scheduled task: Token audit report (0 0 * * 1)
[2026-04-16T12:58:26.338Z] [INFO] Scheduled task: Cerebrum reflection (0 3 * * 0)
[2026-04-16T12:58:26.338Z] [INFO] Scheduled task: AI suggestions (0 4 * * 1)
[2026-04-16T12:58:26.338Z] [INFO] File watcher started on .wolf/
[2026-04-16T12:58:26.338Z] [INFO] OpenWolf daemon started
[2026-04-16T12:58:26.339Z] [INFO] Dashboard server listening on port 18791
[2026-04-16T12:58:26.438Z] [INFO] Scheduled task: Full anatomy rescan (0 */6 * * *)
[2026-04-16T12:58:26.439Z] [INFO] Scheduled task: Consolidate old memory (0 2 * * *)
[2026-04-16T12:58:26.440Z] [INFO] Scheduled task: Token audit report (0 0 * * 1)
[2026-04-16T12:58:26.440Z] [INFO] Scheduled task: Cerebrum reflection (0 3 * * 0)
[2026-04-16T12:58:26.440Z] [INFO] Scheduled task: AI suggestions (0 4 * * 1)
[2026-04-16T12:58:26.440Z] [INFO] File watcher started on .wolf/
[2026-04-16T12:58:26.441Z] [INFO] OpenWolf daemon started
[2026-04-16T12:58:26.441Z] [INFO] Dashboard server listening on port 18791
[2026-04-16T12:58:26.547Z] [INFO] Scheduled task: Full anatomy rescan (0 */6 * * *)
[2026-04-16T12:58:26.548Z] [INFO] Scheduled task: Consolidate old memory (0 2 * * *)
[2026-04-16T12:58:26.548Z] [INFO] Scheduled task: Token audit report (0 0 * * 1)
[2026-04-16T12:58:26.548Z] [INFO] Scheduled task: Cerebrum reflection (0 3 * * 0)
[2026-04-16T12:58:26.548Z] [INFO] Scheduled task: AI suggestions (0 4 * * 1)
[2026-04-16T12:58:26.549Z] [INFO] File watcher started on .wolf/
[2026-04-16T12:58:26.549Z] [INFO] OpenWolf daemon started
[2026-04-16T12:58:26.549Z] [INFO] Dashboard server listening on port 18791
[2026-04-16T12:58:26.648Z] [INFO] Scheduled task: Full anatomy rescan (0 */6 * * *)
[2026-04-16T12:58:26.649Z] [INFO] Scheduled task: Consolidate old memory (0 2 * * *)
[2026-04-16T12:58:26.649Z] [INFO] Scheduled task: Token audit report (0 0 * * 1)
[2026-04-16T12:58:26.649Z] [INFO] Scheduled task: Cerebrum reflection (0 3 * * 0)
[2026-04-16T12:58:26.649Z] [INFO] Scheduled task: AI suggestions (0 4 * * 1)
[2026-04-16T12:58:26.650Z] [INFO] File watcher started on .wolf/
[2026-04-16T12:58:26.650Z] [INFO] OpenWolf daemon started
[2026-04-16T12:58:26.651Z] [INFO] Dashboard server listening on port 18791
[2026-04-16T12:58:26.752Z] [INFO] Scheduled task: Full anatomy rescan (0 */6 * * *)
[2026-04-16T12:58:26.753Z] [INFO] Scheduled task: Consolidate old memory (0 2 * * *)
[2026-04-16T12:58:26.753Z] [INFO] Scheduled task: Token audit report (0 0 * * 1)
[2026-04-16T12:58:26.753Z] [INFO] Scheduled task: Cerebrum reflection (0 3 * * 0)
[2026-04-16T12:58:26.753Z] [INFO] Scheduled task: AI suggestions (0 4 * * 1)
[2026-04-16T12:58:26.754Z] [INFO] File watcher started on .wolf/
[2026-04-16T12:58:26.754Z] [INFO] OpenWolf daemon started
[2026-04-16T12:58:26.754Z] [INFO] Dashboard server listening on port 18791
[2026-04-16T12:58:26.855Z] [INFO] Scheduled task: Full anatomy rescan (0 */6 * * *)
[2026-04-16T12:58:26.856Z] [INFO] Scheduled task: Consolidate old memory (0 2 * * *)
[2026-04-16T12:58:26.856Z] [INFO] Scheduled task: Token audit report (0 0 * * 1)
[2026-04-16T12:58:26.856Z] [INFO] Scheduled task: Cerebrum reflection (0 3 * * 0)
[2026-04-16T12:58:26.856Z] [INFO] Scheduled task: AI suggestions (0 4 * * 1)
[2026-04-16T12:58:26.857Z] [INFO] File watcher started on .wolf/
[2026-04-16T12:58:26.857Z] [INFO] OpenWolf daemon started
[2026-04-16T12:58:26.857Z] [INFO] Dashboard server listening on port 18791
[2026-04-16T12:58:26.963Z] [INFO] Scheduled task: Full anatomy rescan (0 */6 * * *)
[2026-04-16T12:58:26.964Z] [INFO] Scheduled task: Consolidate old memory (0 2 * * *)
[2026-04-16T12:58:26.964Z] [INFO] Scheduled task: Token audit report (0 0 * * 1)
[2026-04-16T12:58:26.964Z] [INFO] Scheduled task: Cerebrum reflection (0 3 * * 0)
[2026-04-16T12:58:26.964Z] [INFO] Scheduled task: AI suggestions (0 4 * * 1)
[2026-04-16T12:58:26.965Z] [INFO] File watcher started on .wolf/
[2026-04-16T12:58:26.965Z] [INFO] OpenWolf daemon started
[2026-04-16T12:58:26.965Z] [INFO] Dashboard server listening on port 18791
[2026-04-16T12:58:27.070Z] [INFO] Scheduled task: Full anatomy rescan (0 */6 * * *)
[2026-04-16T12:58:27.071Z] [INFO] Scheduled task: Consolidate old memory (0 2 * * *)
[2026-04-16T12:58:27.072Z] [INFO] Scheduled task: Token audit report (0 0 * * 1)
[2026-04-16T12:58:27.072Z] [INFO] Scheduled task: Cerebrum reflection (0 3 * * 0)
[2026-04-16T12:58:27.072Z] [INFO] Scheduled task: AI suggestions (0 4 * * 1)
[2026-04-16T12:58:27.072Z] [INFO] File watcher started on .wolf/
[2026-04-16T12:58:27.073Z] [INFO] OpenWolf daemon started
[2026-04-16T12:58:27.073Z] [INFO] Dashboard server listening on port 18791
[2026-04-16T12:58:27.215Z] [INFO] Scheduled task: Full anatomy rescan (0 */6 * * *)
[2026-04-16T12:58:27.216Z] [INFO] Scheduled task: Consolidate old memory (0 2 * * *)
[2026-04-16T12:58:27.216Z] [INFO] Scheduled task: Token audit report (0 0 * * 1)
[2026-04-16T12:58:27.216Z] [INFO] Scheduled task: Cerebrum reflection (0 3 * * 0)
[2026-04-16T12:58:27.216Z] [INFO] Scheduled task: AI suggestions (0 4 * * 1)
[2026-04-16T12:58:27.216Z] [INFO] File watcher started on .wolf/
[2026-04-16T12:58:27.217Z] [INFO] OpenWolf daemon started
[2026-04-16T12:58:27.217Z] [INFO] Dashboard server listening on port 18791
[2026-04-16T12:58:27.326Z] [INFO] Scheduled task: Full anatomy rescan (0 */6 * * *)
[2026-04-16T12:58:27.327Z] [INFO] Scheduled task: Consolidate old memory (0 2 * * *)
[2026-04-16T12:58:27.327Z] [INFO] Scheduled task: Token audit report (0 0 * * 1)
[2026-04-16T12:58:27.327Z] [INFO] Scheduled task: Cerebrum reflection (0 3 * * 0)
[2026-04-16T12:58:27.327Z] [INFO] Scheduled task: AI suggestions (0 4 * * 1)
[2026-04-16T12:58:27.327Z] [INFO] File watcher started on .wolf/
[2026-04-16T12:58:27.328Z] [INFO] OpenWolf daemon started
[2026-04-16T12:58:27.328Z] [INFO] Dashboard server listening on port 18791
[2026-04-16T12:58:27.431Z] [INFO] Scheduled task: Full anatomy rescan (0 */6 * * *)
[2026-04-16T12:58:27.433Z] [INFO] Scheduled task: Consolidate old memory (0 2 * * *)
[2026-04-16T12:58:27.433Z] [INFO] Scheduled task: Token audit report (0 0 * * 1)
[2026-04-16T12:58:27.433Z] [INFO] Scheduled task: Cerebrum reflection (0 3 * * 0)
[2026-04-16T12:58:27.433Z] [INFO] Scheduled task: AI suggestions (0 4 * * 1)
[2026-04-16T12:58:27.433Z] [INFO] File watcher started on .wolf/
[2026-04-16T12:58:27.434Z] [INFO] OpenWolf daemon started
[2026-04-16T12:58:27.434Z] [INFO] Dashboard server listening on port 18791
[2026-04-16T12:58:27.534Z] [INFO] Scheduled task: Full anatomy rescan (0 */6 * * *)
[2026-04-16T12:58:27.535Z] [INFO] Scheduled task: Consolidate old memory (0 2 * * *)
[2026-04-16T12:58:27.535Z] [INFO] Scheduled task: Token audit report (0 0 * * 1)
[2026-04-16T12:58:27.535Z] [INFO] Scheduled task: Cerebrum reflection (0 3 * * 0)
[2026-04-16T12:58:27.535Z] [INFO] Scheduled task: AI suggestions (0 4 * * 1)
[2026-04-16T12:58:27.536Z] [INFO] File watcher started on .wolf/
[2026-04-16T12:58:27.536Z] [INFO] OpenWolf daemon started
[2026-04-16T12:58:27.536Z] [INFO] Dashboard server listening on port 18791
[2026-04-16T12:58:27.636Z] [INFO] Scheduled task: Full anatomy rescan (0 */6 * * *)
[2026-04-16T12:58:27.637Z] [INFO] Scheduled task: Consolidate old memory (0 2 * * *)
[2026-04-16T12:58:27.637Z] [INFO] Scheduled task: Token audit report (0 0 * * 1)
[2026-04-16T12:58:27.637Z] [INFO] Scheduled task: Cerebrum reflection (0 3 * * 0)
[2026-04-16T12:58:27.637Z] [INFO] Scheduled task: AI suggestions (0 4 * * 1)
[2026-04-16T12:58:27.637Z] [INFO] File watcher started on .wolf/
[2026-04-16T12:58:27.638Z] [INFO] OpenWolf daemon started
[2026-04-16T12:58:27.638Z] [INFO] Dashboard server listening on port 18791
[2026-04-16T14:21:10.438Z] [INFO] Scheduled task: Full anatomy rescan (0 */6 * * *)
[2026-04-16T14:21:10.439Z] [INFO] Scheduled task: Consolidate old memory (0 2 * * *)
[2026-04-16T14:21:10.439Z] [INFO] Scheduled task: Token audit report (0 0 * * 1)
[2026-04-16T14:21:10.439Z] [INFO] Scheduled task: Cerebrum reflection (0 3 * * 0)
[2026-04-16T14:21:10.439Z] [INFO] Scheduled task: AI suggestions (0 4 * * 1)
[2026-04-16T14:21:10.440Z] [INFO] File watcher started on .wolf/
[2026-04-16T14:21:10.440Z] [INFO] OpenWolf daemon started
[2026-04-16T14:21:10.440Z] [INFO] Dashboard server listening on port 18791
[2026-04-16T14:21:10.565Z] [INFO] Scheduled task: Full anatomy rescan (0 */6 * * *)
[2026-04-16T14:21:10.567Z] [INFO] Scheduled task: Consolidate old memory (0 2 * * *)
[2026-04-16T14:21:10.567Z] [INFO] Scheduled task: Token audit report (0 0 * * 1)
[2026-04-16T14:21:10.567Z] [INFO] Scheduled task: Cerebrum reflection (0 3 * * 0)
[2026-04-16T14:21:10.567Z] [INFO] Scheduled task: AI suggestions (0 4 * * 1)
[2026-04-16T14:21:10.568Z] [INFO] File watcher started on .wolf/
[2026-04-16T14:21:10.569Z] [INFO] OpenWolf daemon started
[2026-04-16T14:21:10.569Z] [INFO] Dashboard server listening on port 18791
[2026-04-16T14:21:10.671Z] [INFO] Scheduled task: Full anatomy rescan (0 */6 * * *)
[2026-04-16T14:21:10.672Z] [INFO] Scheduled task: Consolidate old memory (0 2 * * *)
[2026-04-16T14:21:10.672Z] [INFO] Scheduled task: Token audit report (0 0 * * 1)
[2026-04-16T14:21:10.672Z] [INFO] Scheduled task: Cerebrum reflection (0 3 * * 0)
[2026-04-16T14:21:10.672Z] [INFO] Scheduled task: AI suggestions (0 4 * * 1)
[2026-04-16T14:21:10.673Z] [INFO] File watcher started on .wolf/
[2026-04-16T14:21:10.673Z] [INFO] OpenWolf daemon started
[2026-04-16T14:21:10.673Z] [INFO] Dashboard server listening on port 18791
[2026-04-16T14:21:10.773Z] [INFO] Scheduled task: Full anatomy rescan (0 */6 * * *)
[2026-04-16T14:21:10.774Z] [INFO] Scheduled task: Consolidate old memory (0 2 * * *)
[2026-04-16T14:21:10.774Z] [INFO] Scheduled task: Token audit report (0 0 * * 1)
[2026-04-16T14:21:10.774Z] [INFO] Scheduled task: Cerebrum reflection (0 3 * * 0)
[2026-04-16T14:21:10.774Z] [INFO] Scheduled task: AI suggestions (0 4 * * 1)
[2026-04-16T14:21:10.775Z] [INFO] File watcher started on .wolf/
[2026-04-16T14:21:10.775Z] [INFO] OpenWolf daemon started
[2026-04-16T14:21:10.775Z] [INFO] Dashboard server listening on port 18791
[2026-04-16T14:21:10.873Z] [INFO] Scheduled task: Full anatomy rescan (0 */6 * * *)
[2026-04-16T14:21:10.874Z] [INFO] Scheduled task: Consolidate old memory (0 2 * * *)
[2026-04-16T14:21:10.874Z] [INFO] Scheduled task: Token audit report (0 0 * * 1)
[2026-04-16T14:21:10.875Z] [INFO] Scheduled task: Cerebrum reflection (0 3 * * 0)
[2026-04-16T14:21:10.875Z] [INFO] Scheduled task: AI suggestions (0 4 * * 1)
[2026-04-16T14:21:10.875Z] [INFO] File watcher started on .wolf/
[2026-04-16T14:21:10.876Z] [INFO] OpenWolf daemon started
[2026-04-16T14:21:10.876Z] [INFO] Dashboard server listening on port 18791
[2026-04-16T14:21:10.976Z] [INFO] Scheduled task: Full anatomy rescan (0 */6 * * *)
[2026-04-16T14:21:10.977Z] [INFO] Scheduled task: Consolidate old memory (0 2 * * *)
[2026-04-16T14:21:10.977Z] [INFO] Scheduled task: Token audit report (0 0 * * 1)
[2026-04-16T14:21:10.977Z] [INFO] Scheduled task: Cerebrum reflection (0 3 * * 0)
[2026-04-16T14:21:10.977Z] [INFO] Scheduled task: AI suggestions (0 4 * * 1)
[2026-04-16T14:21:10.978Z] [INFO] File watcher started on .wolf/
[2026-04-16T14:21:10.978Z] [INFO] OpenWolf daemon started
[2026-04-16T14:21:10.978Z] [INFO] Dashboard server listening on port 18791
[2026-04-16T14:21:11.077Z] [INFO] Scheduled task: Full anatomy rescan (0 */6 * * *)
[2026-04-16T14:21:11.078Z] [INFO] Scheduled task: Consolidate old memory (0 2 * * *)
[2026-04-16T14:21:11.078Z] [INFO] Scheduled task: Token audit report (0 0 * * 1)
[2026-04-16T14:21:11.078Z] [INFO] Scheduled task: Cerebrum reflection (0 3 * * 0)
[2026-04-16T14:21:11.078Z] [INFO] Scheduled task: AI suggestions (0 4 * * 1)
[2026-04-16T14:21:11.079Z] [INFO] File watcher started on .wolf/
[2026-04-16T14:21:11.079Z] [INFO] OpenWolf daemon started
[2026-04-16T14:21:11.079Z] [INFO] Dashboard server listening on port 18791
[2026-04-16T14:21:11.177Z] [INFO] Scheduled task: Full anatomy rescan (0 */6 * * *)
[2026-04-16T14:21:11.178Z] [INFO] Scheduled task: Consolidate old memory (0 2 * * *)
[2026-04-16T14:21:11.178Z] [INFO] Scheduled task: Token audit report (0 0 * * 1)
[2026-04-16T14:21:11.179Z] [INFO] Scheduled task: Cerebrum reflection (0 3 * * 0)
[2026-04-16T14:21:11.179Z] [INFO] Scheduled task: AI suggestions (0 4 * * 1)
[2026-04-16T14:21:11.179Z] [INFO] File watcher started on .wolf/
[2026-04-16T14:21:11.179Z] [INFO] OpenWolf daemon started
[2026-04-16T14:21:11.180Z] [INFO] Dashboard server listening on port 18791
[2026-04-16T14:21:11.282Z] [INFO] Scheduled task: Full anatomy rescan (0 */6 * * *)
[2026-04-16T14:21:11.283Z] [INFO] Scheduled task: Consolidate old memory (0 2 * * *)
[2026-04-16T14:21:11.283Z] [INFO] Scheduled task: Token audit report (0 0 * * 1)
[2026-04-16T14:21:11.283Z] [INFO] Scheduled task: Cerebrum reflection (0 3 * * 0)
[2026-04-16T14:21:11.283Z] [INFO] Scheduled task: AI suggestions (0 4 * * 1)
[2026-04-16T14:21:11.283Z] [INFO] File watcher started on .wolf/
[2026-04-16T14:21:11.284Z] [INFO] OpenWolf daemon started
[2026-04-16T14:21:11.284Z] [INFO] Dashboard server listening on port 18791
[2026-04-16T14:21:11.384Z] [INFO] Scheduled task: Full anatomy rescan (0 */6 * * *)
[2026-04-16T14:21:11.385Z] [INFO] Scheduled task: Consolidate old memory (0 2 * * *)
[2026-04-16T14:21:11.385Z] [INFO] Scheduled task: Token audit report (0 0 * * 1)
[2026-04-16T14:21:11.385Z] [INFO] Scheduled task: Cerebrum reflection (0 3 * * 0)
[2026-04-16T14:21:11.385Z] [INFO] Scheduled task: AI suggestions (0 4 * * 1)
[2026-04-16T14:21:11.386Z] [INFO] File watcher started on .wolf/
[2026-04-16T14:21:11.386Z] [INFO] OpenWolf daemon started
[2026-04-16T14:21:11.386Z] [INFO] Dashboard server listening on port 18791
[2026-04-16T14:21:11.485Z] [INFO] Scheduled task: Full anatomy rescan (0 */6 * * *)
[2026-04-16T14:21:11.486Z] [INFO] Scheduled task: Consolidate old memory (0 2 * * *)
[2026-04-16T14:21:11.486Z] [INFO] Scheduled task: Token audit report (0 0 * * 1)
[2026-04-16T14:21:11.486Z] [INFO] Scheduled task: Cerebrum reflection (0 3 * * 0)
[2026-04-16T14:21:11.487Z] [INFO] Scheduled task: AI suggestions (0 4 * * 1)
[2026-04-16T14:21:11.487Z] [INFO] File watcher started on .wolf/
[2026-04-16T14:21:11.488Z] [INFO] OpenWolf daemon started
[2026-04-16T14:21:11.488Z] [INFO] Dashboard server listening on port 18791
[2026-04-16T14:21:11.584Z] [INFO] Scheduled task: Full anatomy rescan (0 */6 * * *)
[2026-04-16T14:21:11.585Z] [INFO] Scheduled task: Consolidate old memory (0 2 * * *)
[2026-04-16T14:21:11.586Z] [INFO] Scheduled task: Token audit report (0 0 * * 1)
[2026-04-16T14:21:11.586Z] [INFO] Scheduled task: Cerebrum reflection (0 3 * * 0)
[2026-04-16T14:21:11.586Z] [INFO] Scheduled task: AI suggestions (0 4 * * 1)
[2026-04-16T14:21:11.586Z] [INFO] File watcher started on .wolf/
[2026-04-16T14:21:11.587Z] [INFO] OpenWolf daemon started
[2026-04-16T14:21:11.587Z] [INFO] Dashboard server listening on port 18791
[2026-04-16T14:21:11.688Z] [INFO] Scheduled task: Full anatomy rescan (0 */6 * * *)
[2026-04-16T14:21:11.689Z] [INFO] Scheduled task: Consolidate old memory (0 2 * * *)
[2026-04-16T14:21:11.689Z] [INFO] Scheduled task: Token audit report (0 0 * * 1)
[2026-04-16T14:21:11.689Z] [INFO] Scheduled task: Cerebrum reflection (0 3 * * 0)
[2026-04-16T14:21:11.689Z] [INFO] Scheduled task: AI suggestions (0 4 * * 1)
[2026-04-16T14:21:11.689Z] [INFO] File watcher started on .wolf/
[2026-04-16T14:21:11.690Z] [INFO] OpenWolf daemon started
[2026-04-16T14:21:11.690Z] [INFO] Dashboard server listening on port 18791
[2026-04-16T14:21:11.787Z] [INFO] Scheduled task: Full anatomy rescan (0 */6 * * *)
[2026-04-16T14:21:11.788Z] [INFO] Scheduled task: Consolidate old memory (0 2 * * *)
[2026-04-16T14:21:11.788Z] [INFO] Scheduled task: Token audit report (0 0 * * 1)
[2026-04-16T14:21:11.788Z] [INFO] Scheduled task: Cerebrum reflection (0 3 * * 0)
[2026-04-16T14:21:11.788Z] [INFO] Scheduled task: AI suggestions (0 4 * * 1)
[2026-04-16T14:21:11.788Z] [INFO] File watcher started on .wolf/
[2026-04-16T14:21:11.789Z] [INFO] OpenWolf daemon started
[2026-04-16T14:21:11.789Z] [INFO] Dashboard server listening on port 18791
[2026-04-16T14:21:11.892Z] [INFO] Scheduled task: Full anatomy rescan (0 */6 * * *)
[2026-04-16T14:21:11.893Z] [INFO] Scheduled task: Consolidate old memory (0 2 * * *)
[2026-04-16T14:21:11.893Z] [INFO] Scheduled task: Token audit report (0 0 * * 1)
[2026-04-16T14:21:11.894Z] [INFO] Scheduled task: Cerebrum reflection (0 3 * * 0)
[2026-04-16T14:21:11.894Z] [INFO] Scheduled task: AI suggestions (0 4 * * 1)
[2026-04-16T14:21:11.894Z] [INFO] File watcher started on .wolf/
[2026-04-16T14:21:11.895Z] [INFO] OpenWolf daemon started
[2026-04-16T14:21:11.895Z] [INFO] Dashboard server listening on port 18791
[2026-04-16T14:21:12.007Z] [INFO] Scheduled task: Full anatomy rescan (0 */6 * * *)
[2026-04-16T14:21:12.008Z] [INFO] Scheduled task: Consolidate old memory (0 2 * * *)
[2026-04-16T14:21:12.008Z] [INFO] Scheduled task: Token audit report (0 0 * * 1)
[2026-04-16T14:21:12.008Z] [INFO] Scheduled task: Cerebrum reflection (0 3 * * 0)
[2026-04-16T14:21:12.008Z] [INFO] Scheduled task: AI suggestions (0 4 * * 1)
[2026-04-16T14:21:12.009Z] [INFO] File watcher started on .wolf/
[2026-04-16T14:21:12.010Z] [INFO] OpenWolf daemon started
[2026-04-16T14:21:12.010Z] [INFO] Dashboard server listening on port 18791
[2026-04-16T14:38:10.483Z] [INFO] Scheduled task: Full anatomy rescan (0 */6 * * *)
[2026-04-16T14:38:10.485Z] [INFO] Scheduled task: Consolidate old memory (0 2 * * *)
[2026-04-16T14:38:10.485Z] [INFO] Scheduled task: Token audit report (0 0 * * 1)
[2026-04-16T14:38:10.485Z] [INFO] Scheduled task: Cerebrum reflection (0 3 * * 0)
[2026-04-16T14:38:10.485Z] [INFO] Scheduled task: AI suggestions (0 4 * * 1)
[2026-04-16T14:38:10.485Z] [INFO] File watcher started on .wolf/
[2026-04-16T14:38:10.486Z] [INFO] OpenWolf daemon started
[2026-04-16T14:38:10.486Z] [INFO] Dashboard server listening on port 18791
[2026-04-16T15:17:01.009Z] [INFO] Daemon shutting down...
[2026-04-16T15:17:01.026Z] [INFO] Daemon stopped
[2026-04-16T15:17:01.431Z] [INFO] Scheduled task: Full anatomy rescan (0 */6 * * *)
[2026-04-16T15:17:01.433Z] [INFO] Scheduled task: Consolidate old memory (0 2 * * *)
[2026-04-16T15:17:01.433Z] [INFO] Scheduled task: Token audit report (0 0 * * 1)
[2026-04-16T15:17:01.433Z] [INFO] Scheduled task: Cerebrum reflection (0 3 * * 0)
[2026-04-16T15:17:01.433Z] [INFO] Scheduled task: AI suggestions (0 4 * * 1)
[2026-04-16T15:17:01.433Z] [INFO] File watcher started on .wolf/
[2026-04-16T15:17:01.434Z] [INFO] OpenWolf daemon started
[2026-04-16T15:17:01.434Z] [INFO] Dashboard server listening on port 18791
[2026-04-16T15:18:59.034Z] [INFO] Daemon shutting down...
[2026-04-16T15:18:59.035Z] [INFO] Daemon stopped
[2026-04-16T15:18:59.447Z] [INFO] Scheduled task: Full anatomy rescan (0 */6 * * *)
[2026-04-16T15:18:59.448Z] [INFO] Scheduled task: Consolidate old memory (0 2 * * *)
[2026-04-16T15:18:59.448Z] [INFO] Scheduled task: Token audit report (0 0 * * 1)
[2026-04-16T15:18:59.448Z] [INFO] Scheduled task: Cerebrum reflection (0 3 * * 0)
[2026-04-16T15:18:59.449Z] [INFO] Scheduled task: AI suggestions (0 4 * * 1)
[2026-04-16T15:18:59.449Z] [INFO] File watcher started on .wolf/
[2026-04-16T15:18:59.449Z] [INFO] OpenWolf daemon started
[2026-04-16T15:18:59.450Z] [INFO] Dashboard server listening on port 18791
[2026-04-16T15:19:11.362Z] [INFO] Daemon shutting down...
[2026-04-16T15:19:11.363Z] [INFO] Daemon stopped
[2026-04-16T15:19:11.778Z] [INFO] Scheduled task: Full anatomy rescan (0 */6 * * *)
[2026-04-16T15:19:11.780Z] [INFO] Scheduled task: Consolidate old memory (0 2 * * *)
[2026-04-16T15:19:11.780Z] [INFO] Scheduled task: Token audit report (0 0 * * 1)
[2026-04-16T15:19:11.780Z] [INFO] Scheduled task: Cerebrum reflection (0 3 * * 0)
[2026-04-16T15:19:11.780Z] [INFO] Scheduled task: AI suggestions (0 4 * * 1)
[2026-04-16T15:19:11.780Z] [INFO] File watcher started on .wolf/
[2026-04-16T15:19:11.781Z] [INFO] OpenWolf daemon started
[2026-04-16T15:19:11.781Z] [INFO] Dashboard server listening on port 18791
[2026-04-16T15:20:17.152Z] [INFO] Daemon shutting down...
[2026-04-16T15:20:17.153Z] [INFO] Daemon stopped
[2026-04-16T15:20:17.533Z] [INFO] Scheduled task: Full anatomy rescan (0 */6 * * *)
[2026-04-16T15:20:17.534Z] [INFO] Scheduled task: Consolidate old memory (0 2 * * *)
[2026-04-16T15:20:17.534Z] [INFO] Scheduled task: Token audit report (0 0 * * 1)
[2026-04-16T15:20:17.534Z] [INFO] Scheduled task: Cerebrum reflection (0 3 * * 0)
[2026-04-16T15:20:17.534Z] [INFO] Scheduled task: AI suggestions (0 4 * * 1)
[2026-04-16T15:20:17.535Z] [INFO] File watcher started on .wolf/
[2026-04-16T15:20:17.535Z] [INFO] OpenWolf daemon started
[2026-04-16T15:20:17.535Z] [INFO] Dashboard server listening on port 18791
[2026-04-16T15:22:34.410Z] [INFO] Daemon shutting down...
[2026-04-16T15:22:34.411Z] [INFO] Daemon stopped
[2026-04-16T15:22:34.835Z] [INFO] Scheduled task: Full anatomy rescan (0 */6 * * *)
[2026-04-16T15:22:34.837Z] [INFO] Scheduled task: Consolidate old memory (0 2 * * *)
[2026-04-16T15:22:34.837Z] [INFO] Scheduled task: Token audit report (0 0 * * 1)
[2026-04-16T15:22:34.837Z] [INFO] Scheduled task: Cerebrum reflection (0 3 * * 0)
[2026-04-16T15:22:34.837Z] [INFO] Scheduled task: AI suggestions (0 4 * * 1)
[2026-04-16T15:22:34.838Z] [INFO] File watcher started on .wolf/
[2026-04-16T15:22:34.838Z] [INFO] OpenWolf daemon started
[2026-04-16T15:22:34.839Z] [INFO] Dashboard server listening on port 18791
[2026-04-16T15:26:40.325Z] [INFO] Daemon shutting down...
[2026-04-16T15:26:40.326Z] [INFO] Daemon stopped
[2026-04-16T15:26:40.749Z] [INFO] Scheduled task: Full anatomy rescan (0 */6 * * *)
[2026-04-16T15:26:40.750Z] [INFO] Scheduled task: Consolidate old memory (0 2 * * *)
[2026-04-16T15:26:40.750Z] [INFO] Scheduled task: Token audit report (0 0 * * 1)
[2026-04-16T15:26:40.750Z] [INFO] Scheduled task: Cerebrum reflection (0 3 * * 0)
[2026-04-16T15:26:40.750Z] [INFO] Scheduled task: AI suggestions (0 4 * * 1)
[2026-04-16T15:26:40.751Z] [INFO] File watcher started on .wolf/
[2026-04-16T15:26:40.751Z] [INFO] OpenWolf daemon started
[2026-04-16T15:26:40.751Z] [INFO] Dashboard server listening on port 18791
[2026-04-16T15:29:43.794Z] [INFO] Daemon shutting down...
[2026-04-16T15:29:43.812Z] [INFO] Daemon stopped
[2026-04-16T15:29:44.196Z] [INFO] Scheduled task: Full anatomy rescan (0 */6 * * *)
[2026-04-16T15:29:44.197Z] [INFO] Scheduled task: Consolidate old memory (0 2 * * *)
[2026-04-16T15:29:44.197Z] [INFO] Scheduled task: Token audit report (0 0 * * 1)
[2026-04-16T15:29:44.197Z] [INFO] Scheduled task: Cerebrum reflection (0 3 * * 0)
[2026-04-16T15:29:44.197Z] [INFO] Scheduled task: AI suggestions (0 4 * * 1)
[2026-04-16T15:29:44.198Z] [INFO] File watcher started on .wolf/
[2026-04-16T15:29:44.198Z] [INFO] OpenWolf daemon started
[2026-04-16T15:29:44.198Z] [INFO] Dashboard server listening on port 18791
[2026-04-16T15:30:42.611Z] [INFO] Daemon shutting down...
[2026-04-16T15:30:42.613Z] [INFO] Daemon stopped
[2026-04-16T15:30:43.013Z] [INFO] Scheduled task: Full anatomy rescan (0 */6 * * *)
[2026-04-16T15:30:43.014Z] [INFO] Scheduled task: Consolidate old memory (0 2 * * *)
[2026-04-16T15:30:43.014Z] [INFO] Scheduled task: Token audit report (0 0 * * 1)
[2026-04-16T15:30:43.014Z] [INFO] Scheduled task: Cerebrum reflection (0 3 * * 0)
[2026-04-16T15:30:43.015Z] [INFO] Scheduled task: AI suggestions (0 4 * * 1)
[2026-04-16T15:30:43.015Z] [INFO] File watcher started on .wolf/
[2026-04-16T15:30:43.016Z] [INFO] OpenWolf daemon started
[2026-04-16T15:30:43.016Z] [INFO] Dashboard server listening on port 18791
[2026-04-16T15:30:46.398Z] [INFO] Daemon shutting down...
[2026-04-16T15:30:46.399Z] [INFO] Daemon stopped
[2026-04-16T15:30:46.743Z] [INFO] Scheduled task: Full anatomy rescan (0 */6 * * *)
[2026-04-16T15:30:46.744Z] [INFO] Scheduled task: Consolidate old memory (0 2 * * *)
[2026-04-16T15:30:46.744Z] [INFO] Scheduled task: Token audit report (0 0 * * 1)
[2026-04-16T15:30:46.744Z] [INFO] Scheduled task: Cerebrum reflection (0 3 * * 0)
[2026-04-16T15:30:46.744Z] [INFO] Scheduled task: AI suggestions (0 4 * * 1)
[2026-04-16T15:30:46.745Z] [INFO] File watcher started on .wolf/
[2026-04-16T15:30:46.745Z] [INFO] OpenWolf daemon started
[2026-04-16T15:30:46.745Z] [INFO] Dashboard server listening on port 18791
[2026-04-16T16:00:00.378Z] [INFO] Executing task: Full anatomy rescan
[2026-04-16T16:00:00.440Z] [INFO] Task Full anatomy rescan completed in 62ms
[2026-04-16T22:00:00.440Z] [INFO] Executing task: Full anatomy rescan
[2026-04-16T22:00:00.499Z] [INFO] Task Full anatomy rescan completed in 59ms
[2026-04-17T00:00:00.435Z] [INFO] Executing task: Consolidate old memory
[2026-04-17T00:00:00.441Z] [INFO] Task Consolidate old memory completed in 5ms
[2026-04-17T04:00:00.959Z] [INFO] Executing task: Full anatomy rescan
[2026-04-17T04:00:01.021Z] [INFO] Task Full anatomy rescan completed in 62ms
[2026-04-17T10:00:00.216Z] [INFO] Executing task: Full anatomy rescan
[2026-04-17T10:00:00.276Z] [INFO] Task Full anatomy rescan completed in 59ms
[2026-04-17T11:58:10.755Z] [INFO] Daemon shutting down...
[2026-04-17T11:58:10.757Z] [INFO] Daemon stopped
[2026-04-17T11:58:11.185Z] [INFO] Scheduled task: Full anatomy rescan (0 */6 * * *)
[2026-04-17T11:58:11.186Z] [INFO] Scheduled task: Consolidate old memory (0 2 * * *)
[2026-04-17T11:58:11.186Z] [INFO] Scheduled task: Token audit report (0 0 * * 1)
[2026-04-17T11:58:11.186Z] [INFO] Scheduled task: Cerebrum reflection (0 3 * * 0)
[2026-04-17T11:58:11.186Z] [INFO] Scheduled task: AI suggestions (0 4 * * 1)
[2026-04-17T11:58:11.186Z] [INFO] File watcher started on .wolf/
[2026-04-17T11:58:11.187Z] [INFO] OpenWolf daemon started
[2026-04-17T11:58:11.187Z] [INFO] Dashboard server listening on port 18791
[2026-04-17T12:00:43.997Z] [INFO] Daemon shutting down...
[2026-04-17T12:00:43.998Z] [INFO] Daemon stopped
[2026-04-17T12:00:44.482Z] [INFO] Scheduled task: Full anatomy rescan (0 */6 * * *)
[2026-04-17T12:00:44.483Z] [INFO] Scheduled task: Consolidate old memory (0 2 * * *)
[2026-04-17T12:00:44.483Z] [INFO] Scheduled task: Token audit report (0 0 * * 1)
[2026-04-17T12:00:44.483Z] [INFO] Scheduled task: Cerebrum reflection (0 3 * * 0)
[2026-04-17T12:00:44.483Z] [INFO] Scheduled task: AI suggestions (0 4 * * 1)
[2026-04-17T12:00:44.484Z] [INFO] File watcher started on .wolf/
[2026-04-17T12:00:44.484Z] [INFO] OpenWolf daemon started
[2026-04-17T12:00:44.484Z] [INFO] Dashboard server listening on port 18791
[2026-04-17T13:42:28.654Z] [INFO] Daemon shutting down...
[2026-04-17T13:42:28.656Z] [INFO] Daemon stopped
[2026-04-17T13:42:29.058Z] [INFO] Scheduled task: Full anatomy rescan (0 */6 * * *)
[2026-04-17T13:42:29.059Z] [INFO] Scheduled task: Consolidate old memory (0 2 * * *)
[2026-04-17T13:42:29.059Z] [INFO] Scheduled task: Token audit report (0 0 * * 1)
[2026-04-17T13:42:29.059Z] [INFO] Scheduled task: Cerebrum reflection (0 3 * * 0)
[2026-04-17T13:42:29.059Z] [INFO] Scheduled task: AI suggestions (0 4 * * 1)
[2026-04-17T13:42:29.059Z] [INFO] File watcher started on .wolf/
[2026-04-17T13:42:29.060Z] [INFO] OpenWolf daemon started
[2026-04-17T13:42:29.060Z] [INFO] Dashboard server listening on port 18791
[2026-04-17T13:42:55.477Z] [INFO] Daemon shutting down...
[2026-04-17T13:42:55.478Z] [INFO] Daemon stopped
[2026-04-17T13:42:55.864Z] [INFO] Scheduled task: Full anatomy rescan (0 */6 * * *)
[2026-04-17T13:42:55.865Z] [INFO] Scheduled task: Consolidate old memory (0 2 * * *)
[2026-04-17T13:42:55.865Z] [INFO] Scheduled task: Token audit report (0 0 * * 1)
[2026-04-17T13:42:55.865Z] [INFO] Scheduled task: Cerebrum reflection (0 3 * * 0)
[2026-04-17T13:42:55.866Z] [INFO] Scheduled task: AI suggestions (0 4 * * 1)
[2026-04-17T13:42:55.866Z] [INFO] File watcher started on .wolf/
[2026-04-17T13:42:55.866Z] [INFO] OpenWolf daemon started
[2026-04-17T13:42:55.866Z] [INFO] Dashboard server listening on port 18791
[2026-04-17T15:29:29.639Z] [INFO] Daemon shutting down...
[2026-04-17T15:29:29.643Z] [INFO] Daemon stopped
[2026-04-17T15:29:30.059Z] [INFO] Scheduled task: Full anatomy rescan (0 */6 * * *)
[2026-04-17T15:29:30.061Z] [INFO] Scheduled task: Consolidate old memory (0 2 * * *)
[2026-04-17T15:29:30.061Z] [INFO] Scheduled task: Token audit report (0 0 * * 1)
[2026-04-17T15:29:30.061Z] [INFO] Scheduled task: Cerebrum reflection (0 3 * * 0)
[2026-04-17T15:29:30.061Z] [INFO] Scheduled task: AI suggestions (0 4 * * 1)
[2026-04-17T15:29:30.061Z] [INFO] File watcher started on .wolf/
[2026-04-17T15:29:30.062Z] [INFO] OpenWolf daemon started
[2026-04-17T15:29:30.063Z] [INFO] Dashboard server listening on port 18791
[2026-04-17T15:29:41.117Z] [INFO] Daemon shutting down...
[2026-04-17T15:29:41.119Z] [INFO] Daemon stopped
[2026-04-17T15:29:41.551Z] [INFO] Scheduled task: Full anatomy rescan (0 */6 * * *)
[2026-04-17T15:29:41.553Z] [INFO] Scheduled task: Consolidate old memory (0 2 * * *)
[2026-04-17T15:29:41.553Z] [INFO] Scheduled task: Token audit report (0 0 * * 1)
[2026-04-17T15:29:41.554Z] [INFO] Scheduled task: Cerebrum reflection (0 3 * * 0)
[2026-04-17T15:29:41.554Z] [INFO] Scheduled task: AI suggestions (0 4 * * 1)
[2026-04-17T15:29:41.554Z] [INFO] File watcher started on .wolf/
[2026-04-17T15:29:41.555Z] [INFO] OpenWolf daemon started
[2026-04-17T15:29:41.555Z] [INFO] Dashboard server listening on port 18791
[2026-04-17T15:29:54.503Z] [INFO] Daemon shutting down...
[2026-04-17T15:29:54.513Z] [INFO] Daemon stopped
[2026-04-17T15:29:54.926Z] [INFO] Scheduled task: Full anatomy rescan (0 */6 * * *)
[2026-04-17T15:29:54.928Z] [INFO] Scheduled task: Consolidate old memory (0 2 * * *)
[2026-04-17T15:29:54.928Z] [INFO] Scheduled task: Token audit report (0 0 * * 1)
[2026-04-17T15:29:54.928Z] [INFO] Scheduled task: Cerebrum reflection (0 3 * * 0)
[2026-04-17T15:29:54.928Z] [INFO] Scheduled task: AI suggestions (0 4 * * 1)
[2026-04-17T15:29:54.929Z] [INFO] File watcher started on .wolf/
[2026-04-17T15:29:54.929Z] [INFO] OpenWolf daemon started
[2026-04-17T15:29:54.929Z] [INFO] Dashboard server listening on port 18791
[2026-04-17T15:30:07.150Z] [INFO] Daemon shutting down...
[2026-04-17T15:30:07.151Z] [INFO] Daemon stopped
[2026-04-17T15:30:07.603Z] [INFO] Scheduled task: Full anatomy rescan (0 */6 * * *)
[2026-04-17T15:30:07.605Z] [INFO] Scheduled task: Consolidate old memory (0 2 * * *)
[2026-04-17T15:30:07.605Z] [INFO] Scheduled task: Token audit report (0 0 * * 1)
[2026-04-17T15:30:07.605Z] [INFO] Scheduled task: Cerebrum reflection (0 3 * * 0)
[2026-04-17T15:30:07.605Z] [INFO] Scheduled task: AI suggestions (0 4 * * 1)
[2026-04-17T15:30:07.606Z] [INFO] File watcher started on .wolf/
[2026-04-17T15:30:07.607Z] [INFO] OpenWolf daemon started
[2026-04-17T15:30:07.607Z] [INFO] Dashboard server listening on port 18791
[2026-04-17T15:30:19.241Z] [INFO] Daemon shutting down...
[2026-04-17T15:30:19.243Z] [INFO] Daemon stopped
[2026-04-17T15:30:19.633Z] [INFO] Scheduled task: Full anatomy rescan (0 */6 * * *)
[2026-04-17T15:30:19.634Z] [INFO] Scheduled task: Consolidate old memory (0 2 * * *)
[2026-04-17T15:30:19.634Z] [INFO] Scheduled task: Token audit report (0 0 * * 1)
[2026-04-17T15:30:19.635Z] [INFO] Scheduled task: Cerebrum reflection (0 3 * * 0)
[2026-04-17T15:30:19.635Z] [INFO] Scheduled task: AI suggestions (0 4 * * 1)
[2026-04-17T15:30:19.635Z] [INFO] File watcher started on .wolf/
[2026-04-17T15:30:19.636Z] [INFO] OpenWolf daemon started
[2026-04-17T15:30:19.636Z] [INFO] Dashboard server listening on port 18791
[2026-04-17T15:31:47.971Z] [INFO] Daemon shutting down...
[2026-04-17T15:31:47.972Z] [INFO] Daemon stopped
[2026-04-17T15:31:48.386Z] [INFO] Scheduled task: Full anatomy rescan (0 */6 * * *)
[2026-04-17T15:31:48.387Z] [INFO] Scheduled task: Consolidate old memory (0 2 * * *)
[2026-04-17T15:31:48.387Z] [INFO] Scheduled task: Token audit report (0 0 * * 1)
[2026-04-17T15:31:48.388Z] [INFO] Scheduled task: Cerebrum reflection (0 3 * * 0)
[2026-04-17T15:31:48.388Z] [INFO] Scheduled task: AI suggestions (0 4 * * 1)
[2026-04-17T15:31:48.388Z] [INFO] File watcher started on .wolf/
[2026-04-17T15:31:48.388Z] [INFO] OpenWolf daemon started
[2026-04-17T15:31:48.389Z] [INFO] Dashboard server listening on port 18791
[2026-04-17T15:32:04.854Z] [INFO] Daemon shutting down...
[2026-04-17T15:32:04.855Z] [INFO] Daemon stopped
[2026-04-17T15:32:05.271Z] [INFO] Scheduled task: Full anatomy rescan (0 */6 * * *)
[2026-04-17T15:32:05.273Z] [INFO] Scheduled task: Consolidate old memory (0 2 * * *)
[2026-04-17T15:32:05.273Z] [INFO] Scheduled task: Token audit report (0 0 * * 1)
[2026-04-17T15:32:05.273Z] [INFO] Scheduled task: Cerebrum reflection (0 3 * * 0)
[2026-04-17T15:32:05.273Z] [INFO] Scheduled task: AI suggestions (0 4 * * 1)
[2026-04-17T15:32:05.274Z] [INFO] File watcher started on .wolf/
[2026-04-17T15:32:05.275Z] [INFO] OpenWolf daemon started
[2026-04-17T15:32:05.275Z] [INFO] Dashboard server listening on port 18791
[2026-04-17T15:32:13.101Z] [INFO] Daemon shutting down...
[2026-04-17T15:32:13.101Z] [INFO] Daemon stopped
[2026-04-17T15:32:13.504Z] [INFO] Scheduled task: Full anatomy rescan (0 */6 * * *)
[2026-04-17T15:32:13.505Z] [INFO] Scheduled task: Consolidate old memory (0 2 * * *)
[2026-04-17T15:32:13.506Z] [INFO] Scheduled task: Token audit report (0 0 * * 1)
[2026-04-17T15:32:13.506Z] [INFO] Scheduled task: Cerebrum reflection (0 3 * * 0)
[2026-04-17T15:32:13.506Z] [INFO] Scheduled task: AI suggestions (0 4 * * 1)
[2026-04-17T15:32:13.506Z] [INFO] File watcher started on .wolf/
[2026-04-17T15:32:13.507Z] [INFO] OpenWolf daemon started
[2026-04-17T15:32:13.507Z] [INFO] Dashboard server listening on port 18791
[2026-04-17T16:00:00.056Z] [INFO] Executing task: Full anatomy rescan
[2026-04-17T16:00:00.119Z] [INFO] Task Full anatomy rescan completed in 63ms
[2026-04-17T16:21:45.986Z] [INFO] Daemon shutting down...
[2026-04-17T16:21:45.991Z] [INFO] Daemon stopped
[2026-04-17T16:21:46.461Z] [INFO] Scheduled task: Full anatomy rescan (0 */6 * * *)
[2026-04-17T16:21:46.463Z] [INFO] Scheduled task: Consolidate old memory (0 2 * * *)
[2026-04-17T16:21:46.463Z] [INFO] Scheduled task: Token audit report (0 0 * * 1)
[2026-04-17T16:21:46.463Z] [INFO] Scheduled task: Cerebrum reflection (0 3 * * 0)
[2026-04-17T16:21:46.463Z] [INFO] Scheduled task: AI suggestions (0 4 * * 1)
[2026-04-17T16:21:46.464Z] [INFO] File watcher started on .wolf/
[2026-04-17T16:21:46.465Z] [INFO] OpenWolf daemon started
[2026-04-17T16:21:46.465Z] [INFO] Dashboard server listening on port 18791
[2026-04-17T22:00:00.753Z] [INFO] Executing task: Full anatomy rescan
[2026-04-17T22:00:00.827Z] [INFO] Task Full anatomy rescan completed in 74ms
[2026-04-18T00:00:00.820Z] [INFO] Executing task: Consolidate old memory
[2026-04-18T00:00:00.828Z] [INFO] Task Consolidate old memory completed in 7ms
[2026-04-18T04:00:00.828Z] [INFO] Executing task: Full anatomy rescan
[2026-04-18T04:00:00.888Z] [INFO] Task Full anatomy rescan completed in 59ms
[2026-04-18T10:00:00.704Z] [INFO] Executing task: Full anatomy rescan
[2026-04-18T10:00:00.772Z] [INFO] Task Full anatomy rescan completed in 68ms
[2026-04-18T12:00:42.968Z] [INFO] Daemon shutting down...
[2026-04-18T12:00:42.969Z] [INFO] Daemon stopped
[2026-04-18T12:00:43.391Z] [INFO] Scheduled task: Full anatomy rescan (0 */6 * * *)
[2026-04-18T12:00:43.392Z] [INFO] Scheduled task: Consolidate old memory (0 2 * * *)
[2026-04-18T12:00:43.392Z] [INFO] Scheduled task: Token audit report (0 0 * * 1)
[2026-04-18T12:00:43.393Z] [INFO] Scheduled task: Cerebrum reflection (0 3 * * 0)
[2026-04-18T12:00:43.393Z] [INFO] Scheduled task: AI suggestions (0 4 * * 1)
[2026-04-18T12:00:43.393Z] [INFO] File watcher started on .wolf/
[2026-04-18T12:00:43.394Z] [INFO] OpenWolf daemon started
[2026-04-18T12:00:43.394Z] [INFO] Dashboard server listening on port 18791
[2026-04-18T12:06:06.180Z] [INFO] Daemon shutting down...
[2026-04-18T12:06:06.182Z] [INFO] Daemon stopped
[2026-04-18T12:06:06.612Z] [INFO] Scheduled task: Full anatomy rescan (0 */6 * * *)
[2026-04-18T12:06:06.614Z] [INFO] Scheduled task: Consolidate old memory (0 2 * * *)
[2026-04-18T12:06:06.614Z] [INFO] Scheduled task: Token audit report (0 0 * * 1)
[2026-04-18T12:06:06.614Z] [INFO] Scheduled task: Cerebrum reflection (0 3 * * 0)
[2026-04-18T12:06:06.615Z] [INFO] Scheduled task: AI suggestions (0 4 * * 1)
[2026-04-18T12:06:06.615Z] [INFO] File watcher started on .wolf/
[2026-04-18T12:06:06.616Z] [INFO] OpenWolf daemon started
[2026-04-18T12:06:06.616Z] [INFO] Dashboard server listening on port 18791
[2026-04-18T12:11:44.267Z] [INFO] Daemon shutting down...
[2026-04-18T12:11:44.287Z] [INFO] Daemon stopped
[2026-04-18T12:11:44.675Z] [INFO] Scheduled task: Full anatomy rescan (0 */6 * * *)
[2026-04-18T12:11:44.677Z] [INFO] Scheduled task: Consolidate old memory (0 2 * * *)
[2026-04-18T12:11:44.677Z] [INFO] Scheduled task: Token audit report (0 0 * * 1)
[2026-04-18T12:11:44.677Z] [INFO] Scheduled task: Cerebrum reflection (0 3 * * 0)
[2026-04-18T12:11:44.677Z] [INFO] Scheduled task: AI suggestions (0 4 * * 1)
[2026-04-18T12:11:44.677Z] [INFO] File watcher started on .wolf/
[2026-04-18T12:11:44.678Z] [INFO] OpenWolf daemon started
[2026-04-18T12:11:44.678Z] [INFO] Dashboard server listening on port 18791
